<?xml version="1.0" encoding="UTF-8"?>
<testsuite name="com.shortcut.interview.api.FetchTwitterControllerTests" tests="1" skipped="0" failures="0" errors="0" timestamp="2020-12-14T18:23:37" hostname="melikes-mbp-2.lan" time="0.15">
  <properties/>
  <testcase name="shouldStopFetching()" classname="com.shortcut.interview.api.FetchTwitterControllerTests" time="0.15"/>
  <system-out><![CDATA[19:23:34.658 [Test worker] DEBUG org.springframework.test.context.BootstrapUtils - Instantiating CacheAwareContextLoaderDelegate from class [org.springframework.test.context.cache.DefaultCacheAwareContextLoaderDelegate]
19:23:34.670 [Test worker] DEBUG org.springframework.test.context.BootstrapUtils - Instantiating BootstrapContext using constructor [public org.springframework.test.context.support.DefaultBootstrapContext(java.lang.Class,org.springframework.test.context.CacheAwareContextLoaderDelegate)]
19:23:34.703 [Test worker] DEBUG org.springframework.test.context.BootstrapUtils - Instantiating TestContextBootstrapper for test class [com.shortcut.interview.api.FetchTwitterControllerTests] from class [org.springframework.boot.test.autoconfigure.web.servlet.WebMvcTestContextBootstrapper]
19:23:34.712 [Test worker] INFO org.springframework.boot.test.autoconfigure.web.servlet.WebMvcTestContextBootstrapper - Neither @ContextConfiguration nor @ContextHierarchy found for test class [com.shortcut.interview.api.FetchTwitterControllerTests], using SpringBootContextLoader
19:23:34.715 [Test worker] DEBUG org.springframework.test.context.support.AbstractContextLoader - Did not detect default resource location for test class [com.shortcut.interview.api.FetchTwitterControllerTests]: class path resource [com/shortcut/interview/api/FetchTwitterControllerTests-context.xml] does not exist
19:23:34.716 [Test worker] DEBUG org.springframework.test.context.support.AbstractContextLoader - Did not detect default resource location for test class [com.shortcut.interview.api.FetchTwitterControllerTests]: class path resource [com/shortcut/interview/api/FetchTwitterControllerTestsContext.groovy] does not exist
19:23:34.716 [Test worker] INFO org.springframework.test.context.support.AbstractContextLoader - Could not detect default resource locations for test class [com.shortcut.interview.api.FetchTwitterControllerTests]: no resource found for suffixes {-context.xml, Context.groovy}.
19:23:34.717 [Test worker] INFO org.springframework.test.context.support.AnnotationConfigContextLoaderUtils - Could not detect default configuration classes for test class [com.shortcut.interview.api.FetchTwitterControllerTests]: FetchTwitterControllerTests does not declare any static, non-private, non-final, nested classes annotated with @Configuration.
19:23:34.778 [Test worker] DEBUG org.springframework.test.context.support.ActiveProfilesUtils - Could not find an 'annotation declaring class' for annotation type [org.springframework.test.context.ActiveProfiles] and class [com.shortcut.interview.api.FetchTwitterControllerTests]
19:23:34.831 [Test worker] DEBUG org.springframework.context.annotation.ClassPathScanningCandidateComponentProvider - Identified candidate component class: file [/Users/melikeercan/IdeaProjects/interview/build/classes/java/main/com/shortcut/interview/InterviewApplication.class]
19:23:34.832 [Test worker] INFO org.springframework.boot.test.context.SpringBootTestContextBootstrapper - Found @SpringBootConfiguration com.shortcut.interview.InterviewApplication for test class com.shortcut.interview.api.FetchTwitterControllerTests
19:23:34.834 [Test worker] DEBUG org.springframework.boot.test.autoconfigure.web.servlet.WebMvcTestContextBootstrapper - @TestExecutionListeners is not present for class [com.shortcut.interview.api.FetchTwitterControllerTests]: using defaults.
19:23:34.834 [Test worker] INFO org.springframework.boot.test.autoconfigure.web.servlet.WebMvcTestContextBootstrapper - Loaded default TestExecutionListener class names from location [META-INF/spring.factories]: [org.springframework.boot.test.autoconfigure.restdocs.RestDocsTestExecutionListener, org.springframework.boot.test.autoconfigure.web.client.MockRestServiceServerResetTestExecutionListener, org.springframework.boot.test.autoconfigure.web.servlet.MockMvcPrintOnlyOnFailureTestExecutionListener, org.springframework.boot.test.autoconfigure.web.servlet.WebDriverTestExecutionListener, org.springframework.boot.test.autoconfigure.webservices.client.MockWebServiceServerTestExecutionListener, org.springframework.boot.test.mock.mockito.MockitoTestExecutionListener, org.springframework.boot.test.mock.mockito.ResetMocksTestExecutionListener, org.springframework.test.context.web.ServletTestExecutionListener, org.springframework.test.context.support.DirtiesContextBeforeModesTestExecutionListener, org.springframework.test.context.support.DependencyInjectionTestExecutionListener, org.springframework.test.context.support.DirtiesContextTestExecutionListener, org.springframework.test.context.transaction.TransactionalTestExecutionListener, org.springframework.test.context.jdbc.SqlScriptsTestExecutionListener, org.springframework.test.context.event.EventPublishingTestExecutionListener]
19:23:34.848 [Test worker] INFO org.springframework.boot.test.autoconfigure.web.servlet.WebMvcTestContextBootstrapper - Using TestExecutionListeners: [org.springframework.test.context.web.ServletTestExecutionListener@41dc0355, org.springframework.test.context.support.DirtiesContextBeforeModesTestExecutionListener@33379f77, org.springframework.boot.test.mock.mockito.MockitoTestExecutionListener@198c4614, org.springframework.boot.test.autoconfigure.SpringBootDependencyInjectionTestExecutionListener@7f9ddf82, org.springframework.test.context.support.DirtiesContextTestExecutionListener@5e7aad8f, org.springframework.test.context.transaction.TransactionalTestExecutionListener@51b95d10, org.springframework.test.context.jdbc.SqlScriptsTestExecutionListener@2a7e1dd5, org.springframework.test.context.event.EventPublishingTestExecutionListener@3b0ea6d7, org.springframework.boot.test.autoconfigure.restdocs.RestDocsTestExecutionListener@301372ec, org.springframework.boot.test.autoconfigure.web.client.MockRestServiceServerResetTestExecutionListener@2b59e823, org.springframework.boot.test.autoconfigure.web.servlet.MockMvcPrintOnlyOnFailureTestExecutionListener@7193d828, org.springframework.boot.test.autoconfigure.web.servlet.WebDriverTestExecutionListener@3f65e0d3, org.springframework.boot.test.autoconfigure.webservices.client.MockWebServiceServerTestExecutionListener@14ca71c1, org.springframework.boot.test.mock.mockito.ResetMocksTestExecutionListener@70b69b8b]
19:23:34.851 [Test worker] DEBUG org.springframework.test.context.support.AbstractDirtiesContextTestExecutionListener - Before test class: context [DefaultTestContext@6703b2eb testClass = FetchTwitterControllerTests, testInstance = [null], testMethod = [null], testException = [null], mergedContextConfiguration = [WebMergedContextConfiguration@4578a11 testClass = FetchTwitterControllerTests, locations = '{}', classes = '{class com.shortcut.interview.InterviewApplication}', contextInitializerClasses = '[]', activeProfiles = '{}', propertySourceLocations = '{}', propertySourceProperties = '{org.springframework.boot.test.autoconfigure.web.servlet.WebMvcTestContextBootstrapper=true}', contextCustomizers = set[org.springframework.boot.test.autoconfigure.OverrideAutoConfigurationContextCustomizerFactory$DisableAutoConfigurationContextCustomizer@7a050092, org.springframework.boot.test.autoconfigure.actuate.metrics.MetricsExportContextCustomizerFactory$DisableMetricExportContextCustomizer@1566686, org.springframework.boot.test.autoconfigure.filter.TypeExcludeFiltersContextCustomizer@fa39bdb8, org.springframework.boot.test.autoconfigure.properties.PropertyMappingContextCustomizer@faa4741b, org.springframework.boot.test.autoconfigure.web.servlet.WebDriverContextCustomizerFactory$Customizer@281bb0fb, [ImportsContextCustomizer@419fd6ac key = [org.springframework.boot.autoconfigure.cache.CacheAutoConfiguration, org.springframework.boot.autoconfigure.context.MessageSourceAutoConfiguration, org.springframework.boot.autoconfigure.data.web.SpringDataWebAutoConfiguration, org.springframework.boot.autoconfigure.freemarker.FreeMarkerAutoConfiguration, org.springframework.boot.autoconfigure.groovy.template.GroovyTemplateAutoConfiguration, org.springframework.boot.autoconfigure.gson.GsonAutoConfiguration, org.springframework.boot.autoconfigure.hateoas.HypermediaAutoConfiguration, org.springframework.boot.autoconfigure.http.HttpMessageConvertersAutoConfiguration, org.springframework.boot.autoconfigure.jackson.JacksonAutoConfiguration, org.springframework.boot.autoconfigure.jsonb.JsonbAutoConfiguration, org.springframework.boot.autoconfigure.mustache.MustacheAutoConfiguration, org.springframework.boot.autoconfigure.task.TaskExecutionAutoConfiguration, org.springframework.boot.autoconfigure.thymeleaf.ThymeleafAutoConfiguration, org.springframework.boot.autoconfigure.validation.ValidationAutoConfiguration, org.springframework.boot.autoconfigure.web.servlet.error.ErrorMvcAutoConfiguration, org.springframework.boot.autoconfigure.web.servlet.HttpEncodingAutoConfiguration, org.springframework.boot.autoconfigure.web.servlet.WebMvcAutoConfiguration, org.springframework.boot.test.autoconfigure.web.servlet.MockMvcAutoConfiguration, org.springframework.boot.test.autoconfigure.web.servlet.MockMvcWebClientAutoConfiguration, org.springframework.boot.test.autoconfigure.web.servlet.MockMvcWebDriverAutoConfiguration, org.springframework.boot.autoconfigure.security.oauth2.client.servlet.OAuth2ClientAutoConfiguration, org.springframework.boot.autoconfigure.security.oauth2.resource.servlet.OAuth2ResourceServerAutoConfiguration, org.springframework.boot.autoconfigure.security.servlet.SecurityAutoConfiguration, org.springframework.boot.autoconfigure.security.servlet.SecurityFilterAutoConfiguration, org.springframework.boot.autoconfigure.security.servlet.UserDetailsServiceAutoConfiguration, org.springframework.boot.test.autoconfigure.web.servlet.MockMvcSecurityConfiguration]], org.springframework.boot.test.context.filter.ExcludeFilterContextCustomizer@18a76d07, org.springframework.boot.test.json.DuplicateJsonObjectContextCustomizerFactory$DuplicateJsonObjectContextCustomizer@7433ed6f, org.springframework.boot.test.mock.mockito.MockitoContextCustomizer@ae5740c1, org.springframework.boot.test.context.SpringBootTestArgs@1, org.springframework.boot.test.context.SpringBootTestWebEnvironment@0], resourceBasePath = 'src/main/webapp', contextLoader = 'org.springframework.boot.test.context.SpringBootContextLoader', parent = [null]], attributes = map[[empty]]], class annotated with @DirtiesContext [false] with mode [null].
19:23:35.022 [Test worker] DEBUG org.springframework.test.context.support.TestPropertySourceUtils - Adding inlined properties to environment: {spring.jmx.enabled=false, org.springframework.boot.test.autoconfigure.web.servlet.WebMvcTestContextBootstrapper=true}

  .   ____          _            __ _ _
 /\\ / ___'_ __ _ _(_)_ __  __ _ \ \ \ \
( ( )\___ | '_ | '_| | '_ \/ _` | \ \ \ \
 \\/  ___)| |_)| | | | | || (_| |  ) ) ) )
  '  |____| .__|_| |_|_| |_\__, | / / / /
 =========|_|==============|___/=/_/_/_/
 :: Spring Boot ::                (v2.4.1)

2020-12-14 19:23:35.321  INFO 39271 --- [    Test worker] c.s.i.api.FetchTwitterControllerTests    : Starting FetchTwitterControllerTests using Java 11.0.8 on melikes-mbp-2.lan with PID 39271 (started by melikeercan in /Users/melikeercan/IdeaProjects/interview)
2020-12-14 19:23:35.323  INFO 39271 --- [    Test worker] c.s.i.api.FetchTwitterControllerTests    : No active profile set, falling back to default profiles: default
2020-12-14 19:23:36.859  INFO 39271 --- [    Test worker] o.s.s.concurrent.ThreadPoolTaskExecutor  : Initializing ExecutorService 'applicationTaskExecutor'
2020-12-14 19:23:37.205  INFO 39271 --- [    Test worker] o.s.b.t.m.w.SpringBootMockServletContext : Initializing Spring TestDispatcherServlet ''
2020-12-14 19:23:37.205  INFO 39271 --- [    Test worker] o.s.t.web.servlet.TestDispatcherServlet  : Initializing Servlet ''
2020-12-14 19:23:37.207  INFO 39271 --- [    Test worker] o.s.t.web.servlet.TestDispatcherServlet  : Completed initialization in 2 ms
2020-12-14 19:23:37.240  INFO 39271 --- [    Test worker] c.s.i.api.FetchTwitterControllerTests    : Started FetchTwitterControllerTests in 2.21 seconds (JVM running for 3.261)

MockHttpServletRequest:
      HTTP Method = GET
      Request URI = /api/v0/fetch/stop
       Parameters = {}
          Headers = []
             Body = null
    Session Attrs = {}

Handler:
             Type = com.shortcut.interview.api.FetchTwitterController
           Method = com.shortcut.interview.api.FetchTwitterController#stopFetching()

Async:
    Async started = false
     Async result = null

Resolved Exception:
             Type = null

ModelAndView:
        View name = null
             View = null
            Model = null

FlashMap:
       Attributes = null

MockHttpServletResponse:
           Status = 200
    Error message = null
          Headers = [Content-Type:"application/json"]
     Content type = application/json
             Body = {"status":"OK","message":"Stopped fetching keywords","timestamp":"2020-12-14T18:23:37.312+00:00"}
    Forwarded URL = null
   Redirected URL = null
          Cookies = []
]]></system-out>
  <system-err><![CDATA[]]></system-err>
</testsuite>
